{"/Users/livreur/Documents/GitHub/realtime-elo-ranker-master/apps/realtime-elo-ranker-server/src/app.controller.ts": {"path":"/Users/livreur/Documents/GitHub/realtime-elo-ranker-master/apps/realtime-elo-ranker-server/src/app.controller.ts","statementMap":{"0":{"start":{"line":1,"column":0},"end":{"line":1,"column":49}},"1":{"start":{"line":3,"column":12},"end":{"line":3,"column":18}},"2":{"start":{"line":7,"column":34},"end":{"line":7,"column":37}},"3":{"start":{"line":11,"column":8},"end":{"line":11,"column":30}},"4":{"start":{"line":6,"column":13},"end":{"line":6,"column":26}},"5":{"start":{"line":10,"column":4},"end":{"line":12,"column":null}},"6":{"start":{"line":6,"column":13},"end":{"line":13,"column":null}}},"fnMap":{"0":{"name":"(anonymous_2)","decl":{"start":{"line":10,"column":4},"end":{"line":10,"column":12}},"loc":{"start":{"line":10,"column":12},"end":{"line":12,"column":5}}}},"branchMap":{},"s":{"0":4,"1":4,"2":4,"3":1,"4":4,"5":4,"6":4},"f":{"0":1},"b":{}}
,"/Users/livreur/Documents/GitHub/realtime-elo-ranker-master/apps/realtime-elo-ranker-server/src/app.module.ts": {"path":"/Users/livreur/Documents/GitHub/realtime-elo-ranker-master/apps/realtime-elo-ranker-server/src/app.module.ts","statementMap":{"0":{"start":{"line":1,"column":0},"end":{"line":1,"column":40}},"1":{"start":{"line":2,"column":0},"end":{"line":2,"column":49}},"2":{"start":{"line":3,"column":0},"end":{"line":3,"column":59}},"3":{"start":{"line":4,"column":0},"end":{"line":4,"column":48}},"4":{"start":{"line":5,"column":0},"end":{"line":5,"column":62}},"5":{"start":{"line":6,"column":0},"end":{"line":6,"column":59}},"6":{"start":{"line":7,"column":0},"end":{"line":7,"column":65}},"7":{"start":{"line":8,"column":0},"end":{"line":8,"column":56}},"8":{"start":{"line":9,"column":0},"end":{"line":9,"column":59}},"9":{"start":{"line":10,"column":0},"end":{"line":10,"column":53}},"10":{"start":{"line":11,"column":0},"end":{"line":11,"column":50}},"11":{"start":{"line":26,"column":7},"end":{"line":26,"column":null}},"12":{"start":{"line":26,"column":13},"end":{"line":26,"column":22}},"13":{"start":{"line":26,"column":13},"end":{"line":26,"column":null}}},"fnMap":{},"branchMap":{},"s":{"0":0,"1":0,"2":0,"3":0,"4":0,"5":0,"6":0,"7":0,"8":0,"9":0,"10":0,"11":0,"12":0,"13":0},"f":{},"b":{}}
,"/Users/livreur/Documents/GitHub/realtime-elo-ranker-master/apps/realtime-elo-ranker-server/src/app.service.ts": {"path":"/Users/livreur/Documents/GitHub/realtime-elo-ranker-master/apps/realtime-elo-ranker-server/src/app.service.ts","statementMap":{"0":{"start":{"line":1,"column":0},"end":{"line":1,"column":44}},"1":{"start":{"line":2,"column":0},"end":{"line":2,"column":64}},"2":{"start":{"line":3,"column":0},"end":{"line":3,"column":54}},"3":{"start":{"line":10,"column":7},"end":{"line":16,"column":null}},"4":{"start":{"line":11,"column":26},"end":{"line":11,"column":40}},"5":{"start":{"line":14,"column":8},"end":{"line":14,"column":33}},"6":{"start":{"line":10,"column":22},"end":{"line":10,"column":32}},"7":{"start":{"line":10,"column":22},"end":{"line":16,"column":null}}},"fnMap":{"0":{"name":"(anonymous_2)","decl":{"start":{"line":11,"column":4},"end":{"line":11,"column":26}},"loc":{"start":{"line":11,"column":53},"end":{"line":11,"column":58}}},"1":{"name":"(anonymous_3)","decl":{"start":{"line":13,"column":4},"end":{"line":13,"column":19}},"loc":{"start":{"line":13,"column":19},"end":{"line":15,"column":5}}}},"branchMap":{},"s":{"0":6,"1":6,"2":6,"3":6,"4":8,"5":0,"6":6,"7":6},"f":{"0":8,"1":0},"b":{}}
,"/Users/livreur/Documents/GitHub/realtime-elo-ranker-master/apps/realtime-elo-ranker-server/src/app.types.ts": {"path":"/Users/livreur/Documents/GitHub/realtime-elo-ranker-master/apps/realtime-elo-ranker-server/src/app.types.ts","statementMap":{"0":{"start":{"line":20,"column":13},"end":{"line":20,"column":45}}},"fnMap":{},"branchMap":{},"s":{"0":6},"f":{},"b":{}}
,"/Users/livreur/Documents/GitHub/realtime-elo-ranker-master/apps/realtime-elo-ranker-server/src/main.ts": {"path":"/Users/livreur/Documents/GitHub/realtime-elo-ranker-master/apps/realtime-elo-ranker-server/src/main.ts","statementMap":{"0":{"start":{"line":1,"column":0},"end":{"line":1,"column":43}},"1":{"start":{"line":2,"column":0},"end":{"line":2,"column":41}},"2":{"start":{"line":5,"column":14},"end":{"line":5,"column":49}},"3":{"start":{"line":6,"column":2},"end":{"line":6,"column":19}},"4":{"start":{"line":7,"column":2},"end":{"line":7,"column":45}},"5":{"start":{"line":9,"column":0},"end":{"line":9,"column":12}}},"fnMap":{"0":{"name":"bootstrap","decl":{"start":{"line":4,"column":15},"end":{"line":4,"column":24}},"loc":{"start":{"line":4,"column":24},"end":{"line":8,"column":1}}}},"branchMap":{"0":{"loc":{"start":{"line":7,"column":19},"end":{"line":7,"column":43}},"type":"binary-expr","locations":[{"start":{"line":7,"column":19},"end":{"line":7,"column":35}},{"start":{"line":7,"column":39},"end":{"line":7,"column":43}}]}},"s":{"0":0,"1":0,"2":0,"3":0,"4":0,"5":0},"f":{"0":0},"b":{"0":[0,0]}}
,"/Users/livreur/Documents/GitHub/realtime-elo-ranker-master/apps/realtime-elo-ranker-server/src/match/match.controller.ts": {"path":"/Users/livreur/Documents/GitHub/realtime-elo-ranker-master/apps/realtime-elo-ranker-server/src/match/match.controller.ts","statementMap":{"0":{"start":{"line":1,"column":0},"end":{"line":1,"column":83}},"1":{"start":{"line":2,"column":0},"end":{"line":2,"column":50}},"2":{"start":{"line":4,"column":0},"end":{"line":4,"column":47}},"3":{"start":{"line":6,"column":12},"end":{"line":6,"column":40}},"4":{"start":{"line":9,"column":7},"end":{"line":23,"column":null}},"5":{"start":{"line":10,"column":35},"end":{"line":10,"column":38}},"6":{"start":{"line":11,"column":24},"end":{"line":11,"column":38}},"7":{"start":{"line":15,"column":20},"end":{"line":15,"column":62}},"8":{"start":{"line":16,"column":8},"end":{"line":21,"column":9}},"9":{"start":{"line":18,"column":16},"end":{"line":18,"column":102}},"10":{"start":{"line":20,"column":16},"end":{"line":20,"column":45}},"11":{"start":{"line":9,"column":13},"end":{"line":9,"column":28}},"12":{"start":{"line":14,"column":10},"end":{"line":22,"column":null}},"13":{"start":{"line":9,"column":13},"end":{"line":23,"column":null}}},"fnMap":{"0":{"name":"(anonymous_4)","decl":{"start":{"line":11,"column":4},"end":{"line":11,"column":24}},"loc":{"start":{"line":11,"column":50},"end":{"line":11,"column":55}}},"1":{"name":"(anonymous_5)","decl":{"start":{"line":14,"column":4},"end":{"line":14,"column":9}},"loc":{"start":{"line":14,"column":48},"end":{"line":22,"column":5}}}},"branchMap":{"0":{"loc":{"start":{"line":16,"column":8},"end":{"line":21,"column":9}},"type":"switch","locations":[{"start":{"line":17,"column":12},"end":{"line":18,"column":102}},{"start":{"line":19,"column":12},"end":{"line":20,"column":45}}]}},"s":{"0":1,"1":1,"2":1,"3":1,"4":1,"5":2,"6":2,"7":2,"8":2,"9":1,"10":1,"11":1,"12":1,"13":1},"f":{"0":2,"1":2},"b":{"0":[1,1]}}
,"/Users/livreur/Documents/GitHub/realtime-elo-ranker-master/apps/realtime-elo-ranker-server/src/match/match.service.ts": {"path":"/Users/livreur/Documents/GitHub/realtime-elo-ranker-master/apps/realtime-elo-ranker-server/src/match/match.service.ts","statementMap":{"0":{"start":{"line":1,"column":0},"end":{"line":1,"column":56}},"1":{"start":{"line":2,"column":0},"end":{"line":2,"column":54}},"2":{"start":{"line":3,"column":0},"end":{"line":3,"column":44}},"3":{"start":{"line":4,"column":0},"end":{"line":4,"column":74}},"4":{"start":{"line":5,"column":0},"end":{"line":5,"column":57}},"5":{"start":{"line":8,"column":7},"end":{"line":45,"column":null}},"6":{"start":{"line":9,"column":25},"end":{"line":9,"column":27}},"7":{"start":{"line":10,"column":35},"end":{"line":10,"column":38}},"8":{"start":{"line":12,"column":85},"end":{"line":12,"column":105}},"9":{"start":{"line":12,"column":24},"end":{"line":12,"column":39}},"10":{"start":{"line":15,"column":23},"end":{"line":15,"column":79}},"11":{"start":{"line":16,"column":22},"end":{"line":16,"column":77}},"12":{"start":{"line":18,"column":8},"end":{"line":20,"column":9}},"13":{"start":{"line":19,"column":12},"end":{"line":19,"column":51}},"14":{"start":{"line":22,"column":28},"end":{"line":24,"column":9}},"15":{"start":{"line":23,"column":12},"end":{"line":23,"column":82}},"16":{"start":{"line":26,"column":29},"end":{"line":26,"column":65}},"17":{"start":{"line":27,"column":29},"end":{"line":27,"column":65}},"18":{"start":{"line":29,"column":8},"end":{"line":35,"column":9}},"19":{"start":{"line":30,"column":12},"end":{"line":30,"column":82}},"20":{"start":{"line":31,"column":12},"end":{"line":31,"column":80}},"21":{"start":{"line":33,"column":12},"end":{"line":33,"column":80}},"22":{"start":{"line":34,"column":12},"end":{"line":34,"column":78}},"23":{"start":{"line":37,"column":8},"end":{"line":37,"column":54}},"24":{"start":{"line":38,"column":8},"end":{"line":38,"column":53}},"25":{"start":{"line":40,"column":8},"end":{"line":40,"column":66}},"26":{"start":{"line":41,"column":8},"end":{"line":41,"column":65}},"27":{"start":{"line":43,"column":8},"end":{"line":43,"column":33}},"28":{"start":{"line":8,"column":13},"end":{"line":8,"column":25}},"29":{"start":{"line":8,"column":13},"end":{"line":45,"column":null}}},"fnMap":{"0":{"name":"(anonymous_2)","decl":{"start":{"line":12,"column":4},"end":{"line":12,"column":24}},"loc":{"start":{"line":12,"column":81},"end":{"line":12,"column":106}}},"1":{"name":"(anonymous_3)","decl":{"start":{"line":14,"column":4},"end":{"line":14,"column":9}},"loc":{"start":{"line":14,"column":40},"end":{"line":44,"column":5}}},"2":{"name":"(anonymous_4)","decl":{"start":{"line":22,"column":28},"end":{"line":22,"column":29}},"loc":{"start":{"line":22,"column":73},"end":{"line":24,"column":9}}}},"branchMap":{"0":{"loc":{"start":{"line":18,"column":8},"end":{"line":20,"column":9}},"type":"if","locations":[{"start":{"line":18,"column":8},"end":{"line":20,"column":9}}]},"1":{"loc":{"start":{"line":18,"column":12},"end":{"line":18,"column":77}},"type":"binary-expr","locations":[{"start":{"line":18,"column":12},"end":{"line":18,"column":43}},{"start":{"line":18,"column":47},"end":{"line":18,"column":77}}]},"2":{"loc":{"start":{"line":29,"column":8},"end":{"line":35,"column":9}},"type":"if","locations":[{"start":{"line":29,"column":8},"end":{"line":35,"column":9}},{"start":{"line":32,"column":15},"end":{"line":35,"column":9}}]}},"s":{"0":2,"1":2,"2":2,"3":2,"4":2,"5":2,"6":2,"7":2,"8":2,"9":2,"10":2,"11":2,"12":2,"13":1,"14":1,"15":2,"16":1,"17":1,"18":1,"19":0,"20":0,"21":1,"22":1,"23":1,"24":1,"25":1,"26":1,"27":1,"28":2,"29":2},"f":{"0":2,"1":2,"2":2},"b":{"0":[1],"1":[2,1],"2":[0,1]}}
,"/Users/livreur/Documents/GitHub/realtime-elo-ranker-master/apps/realtime-elo-ranker-server/src/player/player.controller.ts": {"path":"/Users/livreur/Documents/GitHub/realtime-elo-ranker-master/apps/realtime-elo-ranker-server/src/player/player.controller.ts","statementMap":{"0":{"start":{"line":1,"column":0},"end":{"line":1,"column":103}},"1":{"start":{"line":2,"column":0},"end":{"line":2,"column":50}},"2":{"start":{"line":4,"column":0},"end":{"line":4,"column":49}},"3":{"start":{"line":6,"column":12},"end":{"line":6,"column":41}},"4":{"start":{"line":9,"column":7},"end":{"line":47,"column":null}},"5":{"start":{"line":11,"column":24},"end":{"line":11,"column":39}},"6":{"start":{"line":15,"column":20},"end":{"line":15,"column":62}},"7":{"start":{"line":16,"column":8},"end":{"line":21,"column":9}},"8":{"start":{"line":18,"column":16},"end":{"line":18,"column":71}},"9":{"start":{"line":20,"column":16},"end":{"line":20,"column":37}},"10":{"start":{"line":26,"column":20},"end":{"line":26,"column":65}},"11":{"start":{"line":27,"column":8},"end":{"line":34,"column":9}},"12":{"start":{"line":29,"column":16},"end":{"line":29,"column":70}},"13":{"start":{"line":31,"column":16},"end":{"line":31,"column":89}},"14":{"start":{"line":33,"column":16},"end":{"line":33,"column":37}},"15":{"start":{"line":39,"column":20},"end":{"line":39,"column":65}},"16":{"start":{"line":40,"column":8},"end":{"line":45,"column":9}},"17":{"start":{"line":42,"column":16},"end":{"line":42,"column":71}},"18":{"start":{"line":44,"column":16},"end":{"line":44,"column":37}},"19":{"start":{"line":9,"column":13},"end":{"line":9,"column":29}},"20":{"start":{"line":14,"column":10},"end":{"line":22,"column":null}},"21":{"start":{"line":25,"column":10},"end":{"line":35,"column":null}},"22":{"start":{"line":38,"column":10},"end":{"line":46,"column":null}},"23":{"start":{"line":9,"column":13},"end":{"line":47,"column":null}}},"fnMap":{"0":{"name":"(anonymous_4)","decl":{"start":{"line":11,"column":4},"end":{"line":11,"column":24}},"loc":{"start":{"line":11,"column":52},"end":{"line":11,"column":57}}},"1":{"name":"(anonymous_5)","decl":{"start":{"line":14,"column":4},"end":{"line":14,"column":9}},"loc":{"start":{"line":14,"column":43},"end":{"line":22,"column":5}}},"2":{"name":"(anonymous_6)","decl":{"start":{"line":25,"column":4},"end":{"line":25,"column":9}},"loc":{"start":{"line":25,"column":52},"end":{"line":35,"column":5}}},"3":{"name":"(anonymous_7)","decl":{"start":{"line":38,"column":4},"end":{"line":38,"column":9}},"loc":{"start":{"line":38,"column":46},"end":{"line":46,"column":5}}}},"branchMap":{"0":{"loc":{"start":{"line":16,"column":8},"end":{"line":21,"column":9}},"type":"switch","locations":[{"start":{"line":17,"column":12},"end":{"line":18,"column":71}},{"start":{"line":19,"column":12},"end":{"line":20,"column":37}}]},"1":{"loc":{"start":{"line":27,"column":8},"end":{"line":34,"column":9}},"type":"switch","locations":[{"start":{"line":28,"column":12},"end":{"line":29,"column":70}},{"start":{"line":30,"column":12},"end":{"line":31,"column":89}},{"start":{"line":32,"column":12},"end":{"line":33,"column":37}}]},"2":{"loc":{"start":{"line":40,"column":8},"end":{"line":45,"column":9}},"type":"switch","locations":[{"start":{"line":41,"column":12},"end":{"line":42,"column":71}},{"start":{"line":43,"column":12},"end":{"line":44,"column":37}}]}},"s":{"0":1,"1":1,"2":1,"3":1,"4":1,"5":6,"6":2,"7":2,"8":1,"9":1,"10":2,"11":2,"12":1,"13":0,"14":1,"15":2,"16":2,"17":1,"18":1,"19":1,"20":1,"21":1,"22":1,"23":1},"f":{"0":6,"1":2,"2":2,"3":2},"b":{"0":[1,1],"1":[1,0,1],"2":[1,1]}}
,"/Users/livreur/Documents/GitHub/realtime-elo-ranker-master/apps/realtime-elo-ranker-server/src/player/player.entity.ts": {"path":"/Users/livreur/Documents/GitHub/realtime-elo-ranker-master/apps/realtime-elo-ranker-server/src/player/player.entity.ts","statementMap":{"0":{"start":{"line":1,"column":0},"end":{"line":1,"column":56}},"1":{"start":{"line":4,"column":7},"end":{"line":10,"column":null}},"2":{"start":{"line":4,"column":13},"end":{"line":4,"column":21}},"3":{"start":{"line":6,"column":4},"end":{"line":6,"column":null}},"4":{"start":{"line":9,"column":4},"end":{"line":9,"column":null}},"5":{"start":{"line":4,"column":13},"end":{"line":10,"column":null}}},"fnMap":{},"branchMap":{},"s":{"0":6,"1":6,"2":6,"3":6,"4":6,"5":6},"f":{},"b":{}}
,"/Users/livreur/Documents/GitHub/realtime-elo-ranker-master/apps/realtime-elo-ranker-server/src/player/player.service.ts": {"path":"/Users/livreur/Documents/GitHub/realtime-elo-ranker-master/apps/realtime-elo-ranker-server/src/player/player.service.ts","statementMap":{"0":{"start":{"line":1,"column":0},"end":{"line":1,"column":56}},"1":{"start":{"line":2,"column":0},"end":{"line":2,"column":54}},"2":{"start":{"line":3,"column":0},"end":{"line":3,"column":51}},"3":{"start":{"line":4,"column":0},"end":{"line":4,"column":44}},"4":{"start":{"line":5,"column":0},"end":{"line":5,"column":68}},"5":{"start":{"line":6,"column":0},"end":{"line":6,"column":54}},"6":{"start":{"line":7,"column":0},"end":{"line":7,"column":43}},"7":{"start":{"line":10,"column":7},"end":{"line":49,"column":null}},"8":{"start":{"line":11,"column":132},"end":{"line":11,"column":152}},"9":{"start":{"line":11,"column":61},"end":{"line":11,"column":79}},"10":{"start":{"line":14,"column":31},"end":{"line":14,"column":59}},"11":{"start":{"line":15,"column":8},"end":{"line":15,"column":80}},"12":{"start":{"line":15,"column":53},"end":{"line":15,"column":80}},"13":{"start":{"line":16,"column":8},"end":{"line":16,"column":92}},"14":{"start":{"line":16,"column":53},"end":{"line":16,"column":92}},"15":{"start":{"line":18,"column":26},"end":{"line":18,"column":73}},"16":{"start":{"line":19,"column":8},"end":{"line":19,"column":52}},"17":{"start":{"line":20,"column":8},"end":{"line":20,"column":69}},"18":{"start":{"line":21,"column":8},"end":{"line":21,"column":38}},"19":{"start":{"line":25,"column":25},"end":{"line":25,"column":53}},"20":{"start":{"line":26,"column":8},"end":{"line":26,"column":75}},"21":{"start":{"line":26,"column":47},"end":{"line":26,"column":75}},"22":{"start":{"line":28,"column":8},"end":{"line":28,"column":49}},"23":{"start":{"line":29,"column":8},"end":{"line":29,"column":58}},"24":{"start":{"line":30,"column":8},"end":{"line":30,"column":22}},"25":{"start":{"line":34,"column":25},"end":{"line":34,"column":90}},"26":{"start":{"line":35,"column":8},"end":{"line":35,"column":48}},"27":{"start":{"line":39,"column":25},"end":{"line":39,"column":53}},"28":{"start":{"line":40,"column":8},"end":{"line":40,"column":75}},"29":{"start":{"line":40,"column":47},"end":{"line":40,"column":75}},"30":{"start":{"line":42,"column":8},"end":{"line":42,"column":54}},"31":{"start":{"line":43,"column":8},"end":{"line":43,"column":24}},"32":{"start":{"line":47,"column":8},"end":{"line":47,"column":51}},"33":{"start":{"line":10,"column":13},"end":{"line":10,"column":26}},"34":{"start":{"line":10,"column":13},"end":{"line":49,"column":null}}},"fnMap":{"0":{"name":"(anonymous_4)","decl":{"start":{"line":11,"column":4},"end":{"line":11,"column":17}},"loc":{"start":{"line":11,"column":128},"end":{"line":11,"column":153}}},"1":{"name":"(anonymous_5)","decl":{"start":{"line":13,"column":4},"end":{"line":13,"column":9}},"loc":{"start":{"line":13,"column":44},"end":{"line":22,"column":5}}},"2":{"name":"(anonymous_6)","decl":{"start":{"line":24,"column":4},"end":{"line":24,"column":9}},"loc":{"start":{"line":24,"column":37},"end":{"line":31,"column":5}}},"3":{"name":"(anonymous_7)","decl":{"start":{"line":33,"column":4},"end":{"line":33,"column":9}},"loc":{"start":{"line":33,"column":50},"end":{"line":36,"column":5}}},"4":{"name":"(anonymous_8)","decl":{"start":{"line":38,"column":4},"end":{"line":38,"column":9}},"loc":{"start":{"line":38,"column":53},"end":{"line":44,"column":5}}},"5":{"name":"(anonymous_9)","decl":{"start":{"line":46,"column":4},"end":{"line":46,"column":9}},"loc":{"start":{"line":46,"column":56},"end":{"line":48,"column":5}}}},"branchMap":{"0":{"loc":{"start":{"line":15,"column":8},"end":{"line":15,"column":80}},"type":"if","locations":[{"start":{"line":15,"column":8},"end":{"line":15,"column":80}}]},"1":{"loc":{"start":{"line":16,"column":8},"end":{"line":16,"column":92}},"type":"if","locations":[{"start":{"line":16,"column":8},"end":{"line":16,"column":92}}]},"2":{"loc":{"start":{"line":26,"column":8},"end":{"line":26,"column":75}},"type":"if","locations":[{"start":{"line":26,"column":8},"end":{"line":26,"column":75}}]},"3":{"loc":{"start":{"line":35,"column":15},"end":{"line":35,"column":47}},"type":"binary-expr","locations":[{"start":{"line":35,"column":15},"end":{"line":35,"column":23}},{"start":{"line":35,"column":27},"end":{"line":35,"column":47}}]},"4":{"loc":{"start":{"line":40,"column":8},"end":{"line":40,"column":75}},"type":"if","locations":[{"start":{"line":40,"column":8},"end":{"line":40,"column":75}}]}},"s":{"0":6,"1":6,"2":6,"3":6,"4":6,"5":6,"6":6,"7":6,"8":4,"9":4,"10":2,"11":2,"12":1,"13":1,"14":0,"15":1,"16":1,"17":1,"18":1,"19":0,"20":0,"21":0,"22":0,"23":0,"24":0,"25":4,"26":4,"27":0,"28":0,"29":0,"30":0,"31":0,"32":0,"33":6,"34":6},"f":{"0":4,"1":2,"2":0,"3":4,"4":0,"5":0},"b":{"0":[1],"1":[0],"2":[0],"3":[4,2],"4":[0]}}
,"/Users/livreur/Documents/GitHub/realtime-elo-ranker-master/apps/realtime-elo-ranker-server/src/ranking/ranking.controller.ts": {"path":"/Users/livreur/Documents/GitHub/realtime-elo-ranker-master/apps/realtime-elo-ranker-server/src/ranking/ranking.controller.ts","statementMap":{"0":{"start":{"line":1,"column":0},"end":{"line":1,"column":81}},"1":{"start":{"line":2,"column":0},"end":{"line":2,"column":54}},"2":{"start":{"line":3,"column":0},"end":{"line":3,"column":48}},"3":{"start":{"line":4,"column":0},"end":{"line":4,"column":74}},"4":{"start":{"line":5,"column":0},"end":{"line":5,"column":50}},"5":{"start":{"line":6,"column":0},"end":{"line":6,"column":51}},"6":{"start":{"line":8,"column":12},"end":{"line":8,"column":42}},"7":{"start":{"line":11,"column":7},"end":{"line":43,"column":null}},"8":{"start":{"line":12,"column":35},"end":{"line":12,"column":38}},"9":{"start":{"line":14,"column":30},"end":{"line":14,"column":63}},"10":{"start":{"line":16,"column":33},"end":{"line":16,"column":49}},"11":{"start":{"line":16,"column":73},"end":{"line":16,"column":87}},"12":{"start":{"line":17,"column":8},"end":{"line":19,"column":11}},"13":{"start":{"line":18,"column":12},"end":{"line":18,"column":45}},"14":{"start":{"line":24,"column":20},"end":{"line":24,"column":58}},"15":{"start":{"line":25,"column":8},"end":{"line":30,"column":9}},"16":{"start":{"line":27,"column":16},"end":{"line":27,"column":109}},"17":{"start":{"line":29,"column":16},"end":{"line":29,"column":null}},"18":{"start":{"line":35,"column":8},"end":{"line":41,"column":17}},"19":{"start":{"line":36,"column":27},"end":{"line":41,"column":14}},"20":{"start":{"line":11,"column":13},"end":{"line":11,"column":30}},"21":{"start":{"line":23,"column":10},"end":{"line":31,"column":null}},"22":{"start":{"line":34,"column":4},"end":{"line":42,"column":null}},"23":{"start":{"line":11,"column":13},"end":{"line":43,"column":null}}},"fnMap":{"0":{"name":"(anonymous_2)","decl":{"start":{"line":16,"column":4},"end":{"line":16,"column":33}},"loc":{"start":{"line":16,"column":100},"end":{"line":20,"column":5}}},"1":{"name":"(anonymous_3)","decl":{"start":{"line":17,"column":44},"end":{"line":17,"column":45}},"loc":{"start":{"line":17,"column":74},"end":{"line":19,"column":9}}},"2":{"name":"(anonymous_4)","decl":{"start":{"line":23,"column":4},"end":{"line":23,"column":9}},"loc":{"start":{"line":23,"column":20},"end":{"line":31,"column":5}}},"3":{"name":"(anonymous_5)","decl":{"start":{"line":34,"column":4},"end":{"line":34,"column":20}},"loc":{"start":{"line":34,"column":20},"end":{"line":42,"column":5}}},"4":{"name":"(anonymous_6)","decl":{"start":{"line":36,"column":16},"end":{"line":36,"column":17}},"loc":{"start":{"line":36,"column":27},"end":{"line":41,"column":14}}}},"branchMap":{"0":{"loc":{"start":{"line":25,"column":8},"end":{"line":30,"column":9}},"type":"switch","locations":[{"start":{"line":26,"column":12},"end":{"line":27,"column":109}},{"start":{"line":28,"column":12},"end":{"line":29,"column":null}}]}},"s":{"0":1,"1":1,"2":1,"3":1,"4":1,"5":1,"6":1,"7":1,"8":2,"9":2,"10":2,"11":2,"12":2,"13":0,"14":2,"15":2,"16":1,"17":1,"18":0,"19":0,"20":1,"21":1,"22":1,"23":1},"f":{"0":2,"1":0,"2":2,"3":0,"4":0},"b":{"0":[1,1]}}
,"/Users/livreur/Documents/GitHub/realtime-elo-ranker-master/apps/realtime-elo-ranker-server/src/ranking/ranking.service.ts": {"path":"/Users/livreur/Documents/GitHub/realtime-elo-ranker-master/apps/realtime-elo-ranker-server/src/ranking/ranking.service.ts","statementMap":{"0":{"start":{"line":1,"column":0},"end":{"line":1,"column":56}},"1":{"start":{"line":2,"column":0},"end":{"line":2,"column":54}},"2":{"start":{"line":3,"column":0},"end":{"line":3,"column":44}},"3":{"start":{"line":4,"column":0},"end":{"line":4,"column":74}},"4":{"start":{"line":5,"column":0},"end":{"line":5,"column":57}},"5":{"start":{"line":8,"column":7},"end":{"line":19,"column":null}},"6":{"start":{"line":9,"column":85},"end":{"line":9,"column":105}},"7":{"start":{"line":9,"column":24},"end":{"line":9,"column":39}},"8":{"start":{"line":12,"column":24},"end":{"line":12,"column":88}},"9":{"start":{"line":13,"column":8},"end":{"line":13,"column":69}},"10":{"start":{"line":17,"column":8},"end":{"line":17,"column":53}},"11":{"start":{"line":8,"column":13},"end":{"line":8,"column":27}},"12":{"start":{"line":8,"column":13},"end":{"line":19,"column":null}}},"fnMap":{"0":{"name":"(anonymous_2)","decl":{"start":{"line":9,"column":4},"end":{"line":9,"column":24}},"loc":{"start":{"line":9,"column":81},"end":{"line":9,"column":106}}},"1":{"name":"(anonymous_3)","decl":{"start":{"line":11,"column":4},"end":{"line":11,"column":9}},"loc":{"start":{"line":11,"column":20},"end":{"line":14,"column":5}}},"2":{"name":"(anonymous_4)","decl":{"start":{"line":16,"column":4},"end":{"line":16,"column":21}},"loc":{"start":{"line":16,"column":47},"end":{"line":18,"column":5}}}},"branchMap":{"0":{"loc":{"start":{"line":13,"column":15},"end":{"line":13,"column":68}},"type":"cond-expr","locations":[{"start":{"line":13,"column":38},"end":{"line":13,"column":58}},{"start":{"line":13,"column":61},"end":{"line":13,"column":68}}]}},"s":{"0":2,"1":2,"2":2,"3":2,"4":2,"5":2,"6":2,"7":2,"8":2,"9":2,"10":0,"11":2,"12":2},"f":{"0":2,"1":2,"2":0},"b":{"0":[1,1]}}
}
