TN:
SF:src/app.controller.ts
FN:10,(anonymous_2)
FNF:1
FNH:1
FNDA:1,(anonymous_2)
DA:1,4
DA:3,4
DA:6,4
DA:7,4
DA:10,4
DA:11,1
LF:6
LH:6
BRF:0
BRH:0
end_of_record
TN:
SF:src/app.module.ts
FNF:0
FNH:0
DA:1,0
DA:2,0
DA:3,0
DA:4,0
DA:5,0
DA:6,0
DA:7,0
DA:8,0
DA:9,0
DA:10,0
DA:11,0
DA:26,0
LF:12
LH:0
BRF:0
BRH:0
end_of_record
TN:
SF:src/app.service.ts
FN:11,(anonymous_2)
FN:13,(anonymous_3)
FNF:2
FNH:1
FNDA:8,(anonymous_2)
FNDA:0,(anonymous_3)
DA:1,6
DA:2,6
DA:3,6
DA:10,6
DA:11,8
DA:14,0
LF:6
LH:5
BRF:0
BRH:0
end_of_record
TN:
SF:src/app.types.ts
FNF:0
FNH:0
DA:20,6
LF:1
LH:1
BRF:0
BRH:0
end_of_record
TN:
SF:src/main.ts
FN:4,bootstrap
FNF:1
FNH:0
FNDA:0,bootstrap
DA:1,0
DA:2,0
DA:5,0
DA:6,0
DA:7,0
DA:9,0
LF:6
LH:0
BRDA:7,0,0,0
BRDA:7,0,1,0
BRF:2
BRH:0
end_of_record
TN:
SF:src/match/match.controller.ts
FN:11,(anonymous_4)
FN:14,(anonymous_5)
FNF:2
FNH:2
FNDA:2,(anonymous_4)
FNDA:2,(anonymous_5)
DA:1,1
DA:2,1
DA:4,1
DA:6,1
DA:9,1
DA:10,2
DA:11,2
DA:14,1
DA:15,2
DA:16,2
DA:18,1
DA:20,1
LF:12
LH:12
BRDA:16,0,0,1
BRDA:16,0,1,1
BRF:2
BRH:2
end_of_record
TN:
SF:src/match/match.service.ts
FN:12,(anonymous_2)
FN:14,(anonymous_3)
FN:22,(anonymous_4)
FNF:3
FNH:3
FNDA:2,(anonymous_2)
FNDA:2,(anonymous_3)
FNDA:2,(anonymous_4)
DA:1,2
DA:2,2
DA:3,2
DA:4,2
DA:5,2
DA:8,2
DA:9,2
DA:10,2
DA:12,2
DA:15,2
DA:16,2
DA:18,2
DA:19,1
DA:22,1
DA:23,2
DA:26,1
DA:27,1
DA:29,1
DA:30,0
DA:31,0
DA:33,1
DA:34,1
DA:37,1
DA:38,1
DA:40,1
DA:41,1
DA:43,1
LF:27
LH:25
BRDA:18,0,0,1
BRDA:18,1,0,2
BRDA:18,1,1,1
BRDA:29,2,0,0
BRDA:29,2,1,1
BRF:5
BRH:4
end_of_record
TN:
SF:src/player/player.controller.ts
FN:11,(anonymous_4)
FN:14,(anonymous_5)
FN:25,(anonymous_6)
FN:38,(anonymous_7)
FNF:4
FNH:4
FNDA:6,(anonymous_4)
FNDA:2,(anonymous_5)
FNDA:2,(anonymous_6)
FNDA:2,(anonymous_7)
DA:1,1
DA:2,1
DA:4,1
DA:6,1
DA:9,1
DA:11,6
DA:14,1
DA:15,2
DA:16,2
DA:18,1
DA:20,1
DA:25,1
DA:26,2
DA:27,2
DA:29,1
DA:31,0
DA:33,1
DA:38,1
DA:39,2
DA:40,2
DA:42,1
DA:44,1
LF:22
LH:21
BRDA:16,0,0,1
BRDA:16,0,1,1
BRDA:27,1,0,1
BRDA:27,1,1,0
BRDA:27,1,2,1
BRDA:40,2,0,1
BRDA:40,2,1,1
BRF:7
BRH:6
end_of_record
TN:
SF:src/player/player.entity.ts
FNF:0
FNH:0
DA:1,6
DA:4,6
DA:6,6
DA:9,6
LF:4
LH:4
BRF:0
BRH:0
end_of_record
TN:
SF:src/player/player.service.ts
FN:11,(anonymous_4)
FN:13,(anonymous_5)
FN:24,(anonymous_6)
FN:33,(anonymous_7)
FN:38,(anonymous_8)
FN:46,(anonymous_9)
FNF:6
FNH:3
FNDA:4,(anonymous_4)
FNDA:2,(anonymous_5)
FNDA:0,(anonymous_6)
FNDA:4,(anonymous_7)
FNDA:0,(anonymous_8)
FNDA:0,(anonymous_9)
DA:1,6
DA:2,6
DA:3,6
DA:4,6
DA:5,6
DA:6,6
DA:7,6
DA:10,6
DA:11,4
DA:14,2
DA:15,2
DA:16,1
DA:18,1
DA:19,1
DA:20,1
DA:21,1
DA:25,0
DA:26,0
DA:28,0
DA:29,0
DA:30,0
DA:34,4
DA:35,4
DA:39,0
DA:40,0
DA:42,0
DA:43,0
DA:47,0
LF:28
LH:18
BRDA:15,0,0,1
BRDA:16,1,0,0
BRDA:26,2,0,0
BRDA:35,3,0,4
BRDA:35,3,1,2
BRDA:40,4,0,0
BRF:6
BRH:3
end_of_record
TN:
SF:src/ranking/ranking.controller.ts
FN:16,(anonymous_2)
FN:17,(anonymous_3)
FN:23,(anonymous_4)
FN:34,(anonymous_5)
FN:36,(anonymous_6)
FNF:5
FNH:2
FNDA:2,(anonymous_2)
FNDA:0,(anonymous_3)
FNDA:2,(anonymous_4)
FNDA:0,(anonymous_5)
FNDA:0,(anonymous_6)
DA:1,1
DA:2,1
DA:3,1
DA:4,1
DA:5,1
DA:6,1
DA:8,1
DA:11,1
DA:12,2
DA:14,2
DA:16,2
DA:17,2
DA:18,0
DA:23,1
DA:24,2
DA:25,2
DA:27,1
DA:29,1
DA:34,1
DA:35,0
DA:36,0
LF:21
LH:18
BRDA:25,0,0,1
BRDA:25,0,1,1
BRF:2
BRH:2
end_of_record
TN:
SF:src/ranking/ranking.service.ts
FN:9,(anonymous_2)
FN:11,(anonymous_3)
FN:16,(anonymous_4)
FNF:3
FNH:2
FNDA:2,(anonymous_2)
FNDA:2,(anonymous_3)
FNDA:0,(anonymous_4)
DA:1,2
DA:2,2
DA:3,2
DA:4,2
DA:5,2
DA:8,2
DA:9,2
DA:12,2
DA:13,2
DA:17,0
LF:10
LH:9
BRDA:13,0,0,1
BRDA:13,0,1,1
BRF:2
BRH:2
end_of_record
